<?xml version="1.0" encoding="utf-8"?><testsuites name="pytest tests"><testsuite name="pytest" errors="0" failures="0" skipped="0" tests="17" time="1.977" timestamp="2026-08-29T09:50:15.281107+00:00" hostname="agent-env-281a97e9-e0f7-4282-bb11-5b6e1b2240f6"><testcase classname="tests.backend_test" name="test_api_root" time="0.171" /><testcase classname="tests.backend_test" name="test_send_otp_student_and_faculty" time="0.098" /><testcase classname="tests.backend_test" name="test_send_otp_rejects_non_institutional_email" time="0.046" /><testcase classname="tests.backend_test" name="test_verify_otp_demo_user" time="0.052" /><testcase classname="tests.backend_test" name="test_verify_otp_rejects_wrong_code" time="0.052" /><testcase classname="tests.backend_test" name="test_home_contains_seeded_marketplace_data" time="0.090" /><testcase classname="tests.backend_test" name="test_search_services_and_resources" time="0.133" /><testcase classname="tests.backend_test" name="test_search_drone_is_empty" time="0.047" /><testcase classname="tests.backend_test" name="test_request_create_get_and_apply" time="0.144" /><testcase classname="tests.backend_test" name="test_payment_and_transaction_action" time="0.261" /><testcase classname="tests.backend_test" name="test_insights_and_verification_upload" time="0.096" /><testcase classname="tests.backend_test" name="test_payment_requires_authenticated_session" time="0.047" /><testcase classname="tests.backend_test" name="test_auth_me_requires_authenticated_session" time="0.049" /><testcase classname="tests.backend_test" name="test_sensitive_endpoints_require_authenticated_session[post-/api/payments-kwargs0]" time="0.053" /><testcase classname="tests.backend_test" name="test_sensitive_endpoints_require_authenticated_session[post-/api/transactions/no-such/action-kwargs1]" time="0.048" /><testcase classname="tests.backend_test" name="test_sensitive_endpoints_require_authenticated_session[post-/api/verification/upload-kwargs2]" time="0.046" /><testcase classname="tests.backend_test" name="test_verify_otp_rejects_mismatched_email" time="0.055" /></testsuite></testsuites>