<?xml version="1.0" encoding="utf-8"?><testsuites name="pytest tests"><testsuite name="pytest" errors="0" failures="0" skipped="0" tests="37" time="11.346" timestamp="2026-08-30T03:02:47.040324+00:00" hostname="agent-env-281a97e9-e0f7-4282-bb11-5b6e1b2240f6"><testcase classname="tests.test_loop_api.TestVerificationGate" name="test_unverified_student_cannot_hire" time="0.498" /><testcase classname="tests.test_loop_api.TestAuth" name="test_send_otp_invalid_domain" time="0.259" /><testcase classname="tests.test_loop_api.TestAuth" name="test_full_otp_flow" time="0.237" /><testcase classname="tests.test_loop_api.TestVerificationGate" name="test_unverified_student_cannot_post_request" time="0.289" /><testcase classname="tests.test_loop_api.TestAuth" name="test_otp_bruteforce_lockout" time="0.374" /><testcase classname="tests.test_loop_api.TestVerificationGate" name="test_approve_then_can_transact" time="0.422" /><testcase classname="tests.test_loop_api.TestAuth" name="test_faculty_role_detected" time="0.111" /><testcase classname="tests.test_loop_api.TestAuth" name="test_logout_clears_session" time="0.804" /><testcase classname="tests.test_loop_api.TestVerificationGate" name="test_faculty_no_gate" time="0.395" /><testcase classname="tests.test_loop_api.TestRequests" name="test_create_request_notifies_providers" time="0.411" /><testcase classname="tests.test_loop_new_features.TestIntentParse" name="test_need_service_with_days_and_location" time="0.454" /><testcase classname="tests.test_loop_api.TestRequests" name="test_seeded_campus_request_has_applicants" time="0.480" /><testcase classname="tests.test_loop_new_features.TestIntentParse" name="test_provide_intent_ppt" time="0.416" /><testcase classname="tests.test_loop_api.TestRequests" name="test_apply_and_select_creates_tx" time="0.954" /><testcase classname="tests.test_loop_new_features.TestIntentParse" name="test_missing_location_flag" time="0.495" /><testcase classname="tests.test_loop_new_features.TestRequestLifecycle" name="test_cancel_request_sets_status_and_lifecycle" time="0.648" /><testcase classname="tests.test_loop_new_features.TestProvides" name="test_create_service_provide_notifies_matching_request" time="0.982" /><testcase classname="tests.test_loop_new_features.TestRequestLifecycle" name="test_renew_request_reopens" time="0.761" /><testcase classname="tests.test_loop_new_features.TestProvides" name="test_create_resource_provide" time="0.563" /><testcase classname="tests.test_loop_new_features.TestRequestLifecycle" name="test_cancel_other_users_request_forbidden" time="0.961" /><testcase classname="tests.test_loop_new_features.TestProvides" name="test_provide_blocked_without_verification" time="0.417" /><testcase classname="tests.test_loop_api.TestSearch" name="test_ppt_ranks_priya_first" time="0.562" /><testcase classname="tests.test_loop_new_features.TestMessaging" name="test_thread_on_request_gets_canned_auto_reply" time="0.864" /><testcase classname="tests.test_loop_api.TestSearch" name="test_drone_no_match" time="0.391" /><testcase classname="tests.test_loop_api.TestServiceFlow" name="test_full_service_state_machine" time="0.634" /><testcase classname="tests.test_loop_new_features.TestMessaging" name="test_thread_on_transaction" time="0.469" /><testcase classname="tests.test_loop_new_features.TestMessaging" name="test_thread_unknown_ref_404" time="0.449" /><testcase classname="tests.test_loop_api.TestServiceFlow" name="test_invalid_state_transition" time="0.408" /><testcase classname="tests.test_loop_new_features.TestInlineRating" name="test_rate_after_complete" time="0.882" /><testcase classname="tests.test_loop_api.TestPersistence" name="test_session_survives" time="0.572" /><testcase classname="tests.test_loop_api.TestPersistence" name="test_requests_persist" time="0.590" /><testcase classname="tests.test_loop_new_features.TestInlineRating" name="test_cannot_rate_before_complete" time="0.514" /><testcase classname="tests.test_loop_api.TestInsights" name="test_insights_shape" time="0.415" /><testcase classname="tests.test_loop_api.TestResourceFlow" name="test_full_resource_state_machine" time="0.773" /><testcase classname="tests.test_loop_new_features.TestOpportunities" name="test_opportunities_returns_matching_open_needs" time="1.351" /><testcase classname="tests.test_loop_new_features.TestSuggestions" name="test_suggestions_returns_resources" time="0.516" /><testcase classname="tests.test_loop_new_features.TestProactiveMatches" name="test_create_request_returns_matches" time="0.388" /></testsuite></testsuites>