<?xml version="1.0" encoding="utf-8"?><testsuites name="pytest tests"><testsuite name="pytest" errors="0" failures="0" skipped="0" tests="19" time="3.238" timestamp="2026-08-29T12:01:53.926296+00:00" hostname="agent-env-281a97e9-e0f7-4282-bb11-5b6e1b2240f6"><testcase classname="tests.backend_test" name="test_api_root" time="0.183" /><testcase classname="tests.backend_test" name="test_send_otp_student_and_faculty" time="0.143" /><testcase classname="tests.backend_test" name="test_send_otp_rejects_non_institutional_email" time="0.067" /><testcase classname="tests.backend_test" name="test_verify_otp_demo_user" time="0.070" /><testcase classname="tests.backend_test" name="test_verify_otp_rejects_wrong_code" time="0.066" /><testcase classname="tests.backend_test" name="test_google_session_rejects_invalid_session_id" time="0.143" /><testcase classname="tests.backend_test" name="test_otp_cookie_restores_auth_me_after_reload" time="0.210" /><testcase classname="tests.backend_test" name="test_home_contains_seeded_marketplace_data" time="0.066" /><testcase classname="tests.backend_test" name="test_search_services_and_resources" time="0.135" /><testcase classname="tests.backend_test" name="test_search_drone_is_empty" time="0.066" /><testcase classname="tests.backend_test" name="test_request_create_get_and_apply" time="0.197" /><testcase classname="tests.backend_test" name="test_payment_and_transaction_action" time="0.359" /><testcase classname="tests.backend_test" name="test_insights_and_verification_upload" time="0.134" /><testcase classname="tests.backend_test" name="test_payment_requires_authenticated_session" time="0.143" /><testcase classname="tests.backend_test" name="test_auth_me_requires_authenticated_session" time="0.159" /><testcase classname="tests.backend_test" name="test_sensitive_endpoints_require_authenticated_session[post-/api/payments-kwargs0]" time="0.147" /><testcase classname="tests.backend_test" name="test_sensitive_endpoints_require_authenticated_session[post-/api/transactions/no-such/action-kwargs1]" time="0.150" /><testcase classname="tests.backend_test" name="test_sensitive_endpoints_require_authenticated_session[post-/api/verification/upload-kwargs2]" time="0.164" /><testcase classname="tests.backend_test" name="test_verify_otp_rejects_mismatched_email" time="0.070" /></testsuite></testsuites>