<?xml version="1.0" encoding="utf-8"?><testsuites name="pytest tests"><testsuite name="pytest" errors="0" failures="3" skipped="0" tests="14" time="1.669" timestamp="2026-08-29T09:47:00.208137+00:00" hostname="agent-env-281a97e9-e0f7-4282-bb11-5b6e1b2240f6"><testcase classname="tests.backend_test" name="test_api_root" time="0.189" /><testcase classname="tests.backend_test" name="test_send_otp_student_and_faculty" time="0.082" /><testcase classname="tests.backend_test" name="test_send_otp_rejects_non_institutional_email" time="0.081" /><testcase classname="tests.backend_test" name="test_verify_otp_demo_user" time="0.082" /><testcase classname="tests.backend_test" name="test_verify_otp_rejects_wrong_code" time="0.041" /><testcase classname="tests.backend_test" name="test_home_contains_seeded_marketplace_data" time="0.039" /><testcase classname="tests.backend_test" name="test_search_services_and_resources" time="0.160" /><testcase classname="tests.backend_test" name="test_search_drone_is_empty" time="0.041" /><testcase classname="tests.backend_test" name="test_request_create_get_and_apply" time="0.123" /><testcase classname="tests.backend_test" name="test_payment_and_transaction_action" time="0.083" /><testcase classname="tests.backend_test" name="test_insights_and_verification_upload" time="0.082" /><testcase classname="tests.backend_test" name="test_payment_requires_authenticated_session" time="0.082"><failure message="assert 200 in (401, 403)&#10; +  where 200 = &lt;Response [200]&gt;.status_code">backend/tests/backend_test.py:121: in test_payment_requires_authenticated_session
    assert response.status_code in (401, 403)
E   assert 200 in (401, 403)
E    +  where 200 = &lt;Response [200]&gt;.status_code</failure></testcase><testcase classname="tests.backend_test" name="test_auth_me_requires_authenticated_session" time="0.044"><failure message="assert 200 in (401, 403)&#10; +  where 200 = &lt;Response [200]&gt;.status_code">backend/tests/backend_test.py:126: in test_auth_me_requires_authenticated_session
    assert response.status_code in (401, 403)
E   assert 200 in (401, 403)
E    +  where 200 = &lt;Response [200]&gt;.status_code</failure></testcase><testcase classname="tests.backend_test" name="test_verify_otp_rejects_mismatched_email" time="0.040"><failure message="assert 200 == 400&#10; +  where 200 = &lt;Response [200]&gt;.status_code">backend/tests/backend_test.py:133: in test_verify_otp_rejects_mismatched_email
    assert response.status_code == 400
E   assert 200 == 400
E    +  where 200 = &lt;Response [200]&gt;.status_code</failure></testcase></testsuite></testsuites>