<?xml version="1.0" encoding="utf-8"?><testsuites name="pytest tests"><testsuite name="pytest" errors="0" failures="0" skipped="0" tests="20" time="6.767" timestamp="2026-08-29T12:38:26.815168+00:00" hostname="agent-env-281a97e9-e0f7-4282-bb11-5b6e1b2240f6"><testcase classname="tests.test_loop_api.TestAuth" name="test_send_otp_invalid_domain" time="0.284" /><testcase classname="tests.test_loop_api.TestVerificationGate" name="test_unverified_student_cannot_hire" time="0.569" /><testcase classname="tests.test_loop_api.TestAuth" name="test_full_otp_flow" time="0.291" /><testcase classname="tests.test_loop_api.TestVerificationGate" name="test_unverified_student_cannot_post_request" time="0.599" /><testcase classname="tests.test_loop_api.TestAuth" name="test_otp_bruteforce_lockout" time="0.656" /><testcase classname="tests.test_loop_api.TestVerificationGate" name="test_approve_then_can_transact" time="0.502" /><testcase classname="tests.test_loop_api.TestAuth" name="test_faculty_role_detected" time="0.155" /><testcase classname="tests.test_loop_api.TestAuth" name="test_logout_clears_session" time="0.697" /><testcase classname="tests.test_loop_api.TestVerificationGate" name="test_faculty_no_gate" time="0.466" /><testcase classname="tests.test_loop_api.TestSearch" name="test_ppt_ranks_priya_first" time="0.468" /><testcase classname="tests.test_loop_api.TestRequests" name="test_create_request_notifies_providers" time="0.544" /><testcase classname="tests.test_loop_api.TestSearch" name="test_drone_no_match" time="0.656" /><testcase classname="tests.test_loop_api.TestRequests" name="test_seeded_campus_request_has_applicants" time="0.655" /><testcase classname="tests.test_loop_api.TestServiceFlow" name="test_full_service_state_machine" time="1.044" /><testcase classname="tests.test_loop_api.TestRequests" name="test_apply_and_select_creates_tx" time="1.276" /><testcase classname="tests.test_loop_api.TestServiceFlow" name="test_invalid_state_transition" time="0.596" /><testcase classname="tests.test_loop_api.TestPersistence" name="test_session_survives" time="0.757" /><testcase classname="tests.test_loop_api.TestResourceFlow" name="test_full_resource_state_machine" time="0.919" /><testcase classname="tests.test_loop_api.TestPersistence" name="test_requests_persist" time="0.619" /><testcase classname="tests.test_loop_api.TestInsights" name="test_insights_shape" time="0.511" /></testsuite></testsuites>