<?xml version="1.0" encoding="utf-8"?><testsuites name="pytest tests"><testsuite name="pytest" errors="0" failures="0" skipped="0" tests="17" time="6.175" timestamp="2026-08-30T02:59:49.955014+00:00" hostname="agent-env-281a97e9-e0f7-4282-bb11-5b6e1b2240f6"><testcase classname="tests.test_loop_new_features.TestProvides" name="test_create_service_provide_notifies_matching_request" time="0.933" /><testcase classname="tests.test_loop_new_features.TestIntentParse" name="test_need_service_with_days_and_location" time="0.396" /><testcase classname="tests.test_loop_new_features.TestIntentParse" name="test_provide_intent_ppt" time="0.418" /><testcase classname="tests.test_loop_new_features.TestIntentParse" name="test_missing_location_flag" time="0.426" /><testcase classname="tests.test_loop_new_features.TestProvides" name="test_create_resource_provide" time="0.510" /><testcase classname="tests.test_loop_new_features.TestRequestLifecycle" name="test_cancel_request_sets_status_and_lifecycle" time="0.566" /><testcase classname="tests.test_loop_new_features.TestProvides" name="test_provide_blocked_without_verification" time="0.328" /><testcase classname="tests.test_loop_new_features.TestMessaging" name="test_thread_on_request_gets_canned_auto_reply" time="0.630" /><testcase classname="tests.test_loop_new_features.TestRequestLifecycle" name="test_renew_request_reopens" time="0.924" /><testcase classname="tests.test_loop_new_features.TestMessaging" name="test_thread_on_transaction" time="0.539" /><testcase classname="tests.test_loop_new_features.TestRequestLifecycle" name="test_cancel_other_users_request_forbidden" time="0.998" /><testcase classname="tests.test_loop_new_features.TestMessaging" name="test_thread_unknown_ref_404" time="0.441" /><testcase classname="tests.test_loop_new_features.TestOpportunities" name="test_opportunities_returns_matching_open_needs" time="1.167" /><testcase classname="tests.test_loop_new_features.TestInlineRating" name="test_rate_after_complete" time="0.832" /><testcase classname="tests.test_loop_new_features.TestSuggestions" name="test_suggestions_returns_resources" time="0.427" /><testcase classname="tests.test_loop_new_features.TestInlineRating" name="test_cannot_rate_before_complete" time="0.539" /><testcase classname="tests.test_loop_new_features.TestProactiveMatches" name="test_create_request_returns_matches" time="0.540" /></testsuite></testsuites>